<?xml version="1.0" encoding="UTF-8"?>
<!-- Generated by org.testng.reporters.JUnitXMLReporter -->
<testsuite ignored="2" hostname="slt-ptc-19" failures="0" tests="1" name="Surefire test" time="16.317" errors="0" timestamp="04 Oct 2019 14:10:06 GMT">
  <testcase classname="pl.luxoft.selenium.FirstSeleniumTest" name="searchResultPageTitleContainSeachedText" time="12.783"/>
  <testcase classname="pl.luxoft.selenium.ParentSeleniumTest" name="@BeforeTest setUp" time="0.0">
    <ignored/>
  </testcase> <!-- @BeforeTest setUp -->
  <testcase classname="pl.luxoft.selenium.ParentSeleniumTest" name="@AfterTest tearDown" time="0.0">
    <ignored/>
  </testcase> <!-- @AfterTest tearDown -->
</testsuite> <!-- Surefire test -->
