<?xml version="1.0" encoding="UTF-8"?>
<testng-results ignored="2" total="3" passed="1" failed="0" skipped="0">
  <reporter-output>
  </reporter-output>
  <suite started-at="2019-10-04T14:09:50Z" name="Surefire suite" finished-at="2019-10-04T14:10:06Z" duration-ms="16317">
    <groups>
    </groups>
    <test started-at="2019-10-04T14:09:50Z" name="Surefire test" finished-at="2019-10-04T14:10:06Z" duration-ms="16317">
      <class name="pl.luxoft.selenium.FirstSeleniumTest">
        <test-method is-config="true" signature="setUp()[pri:0, instance:pl.luxoft.selenium.FirstSeleniumTest@659a969b]" started-at="2019-10-04T14:09:50Z" name="setUp" finished-at="2019-10-04T14:09:53Z" duration-ms="2829" status="PASS">
          <reporter-output>
          </reporter-output>
        </test-method> <!-- setUp -->
        <test-method signature="searchResultPageTitleContainSeachedText()[pri:0, instance:pl.luxoft.selenium.FirstSeleniumTest@659a969b]" started-at="2019-10-04T14:09:53Z" name="searchResultPageTitleContainSeachedText" finished-at="2019-10-04T14:10:06Z" duration-ms="12783" status="PASS">
          <reporter-output>
          </reporter-output>
        </test-method> <!-- searchResultPageTitleContainSeachedText -->
        <test-method is-config="true" signature="tearDown()[pri:0, instance:pl.luxoft.selenium.FirstSeleniumTest@659a969b]" started-at="2019-10-04T14:10:06Z" name="tearDown" finished-at="2019-10-04T14:10:06Z" duration-ms="702" status="PASS">
          <reporter-output>
          </reporter-output>
        </test-method> <!-- tearDown -->
      </class> <!-- pl.luxoft.selenium.FirstSeleniumTest -->
    </test> <!-- Surefire test -->
  </suite> <!-- Surefire suite -->
</testng-results>
